\BOOKMARK [0][-]{chapter*.1}{\376\377\000D\000\351\000d\000i\000c\000a\000c\000e\000s}{}% 1
\BOOKMARK [0][-]{chapter*.2}{\376\377\000R\000e\000m\000e\000r\000c\000i\000e\000m\000e\000n\000t\000s}{}% 2
\BOOKMARK [0][-]{chapter*.3}{\376\377\000L\000i\000s\000t\000e\000\040\000d\000e\000s\000\040\000a\000c\000r\000o\000n\000y\000m\000e\000s\000\040\000e\000t\000\040\000a\000b\000r\000\351\000v\000i\000a\000t\000i\000o\000n\000s}{}% 3
\BOOKMARK [0][-]{chapter*.4}{\376\377\000R\000\351\000s\000u\000m\000\351}{}% 4
\BOOKMARK [0][-]{chapter*.5}{\376\377\000I\000n\000t\000r\000o\000d\000u\000c\000t\000i\000o\000n\000\040\000g\000\351\000n\000\351\000r\000a\000l\000e}{}% 5
\BOOKMARK [0][-]{chapter.1}{\376\377\000P\000r\000\351\000s\000e\000n\000t\000a\000t\000i\000o\000n\000\040\000d\000e\000\040\000l\000'\000e\000n\000t\000r\000e\000p\000r\000i\000s\000e\000\040\000O\000N\000C\000F}{}% 6
\BOOKMARK [1][-]{section.1.1}{\376\377\000I\000n\000t\000r\000o\000d\000u\000c\000t\000i\000o\000n}{chapter.1}% 7
\BOOKMARK [1][-]{section.1.2}{\376\377\000H\000i\000s\000t\000o\000r\000i\000q\000u\000e\000\040\000e\000t\000\040\000c\000r\000\351\000a\000t\000i\000o\000n\000\040\000d\000e\000\040\000l\000'\000O\000N\000C\000F}{chapter.1}% 8
\BOOKMARK [2][-]{subsection.1.2.1}{\376\377\000L\000e\000s\000\040\000o\000r\000i\000g\000i\000n\000e\000s\000\040\000d\000u\000\040\000t\000r\000a\000n\000s\000p\000o\000r\000t\000\040\000f\000e\000r\000r\000o\000v\000i\000a\000i\000r\000e\000\040\000a\000u\000\040\000M\000a\000r\000o\000c}{section.1.2}% 9
\BOOKMARK [2][-]{subsection.1.2.2}{\376\377\000L\000a\000\040\000c\000r\000\351\000a\000t\000i\000o\000n\000\040\000d\000e\000\040\000l\000'\000O\000N\000C\000F\000\040\000e\000n\000\040\0001\0009\0006\0003}{section.1.2}% 10
\BOOKMARK [1][-]{section.1.3}{\376\377\000S\000t\000a\000t\000u\000t\000\040\000j\000u\000r\000i\000d\000i\000q\000u\000e\000\040\000e\000t\000\040\000m\000i\000s\000s\000i\000o\000n}{chapter.1}% 11
\BOOKMARK [2][-]{subsection.1.3.1}{\376\377\000S\000t\000a\000t\000u\000t\000\040\000j\000u\000r\000i\000d\000i\000q\000u\000e}{section.1.3}% 12
\BOOKMARK [2][-]{subsection.1.3.2}{\376\377\000M\000i\000s\000s\000i\000o\000n\000\040\000e\000t\000\040\000o\000b\000j\000e\000c\000t\000i\000f\000s}{section.1.3}% 13
\BOOKMARK [1][-]{section.1.4}{\376\377\000O\000r\000g\000a\000n\000i\000s\000a\000t\000i\000o\000n\000\040\000e\000t\000\040\000s\000t\000r\000u\000c\000t\000u\000r\000e}{chapter.1}% 14
\BOOKMARK [2][-]{subsection.1.4.1}{\376\377\000D\000i\000r\000e\000c\000t\000i\000o\000n\000\040\000g\000\351\000n\000\351\000r\000a\000l\000e}{section.1.4}% 15
\BOOKMARK [2][-]{subsection.1.4.2}{\376\377\000R\000e\000s\000s\000o\000u\000r\000c\000e\000s\000\040\000h\000u\000m\000a\000i\000n\000e\000s}{section.1.4}% 16
\BOOKMARK [1][-]{section.1.5}{\376\377\000I\000n\000f\000r\000a\000s\000t\000r\000u\000c\000t\000u\000r\000e\000\040\000e\000t\000\040\000r\000\351\000s\000e\000a\000u}{chapter.1}% 17
\BOOKMARK [2][-]{subsection.1.5.1}{\376\377\000C\000a\000r\000a\000c\000t\000\351\000r\000i\000s\000t\000i\000q\000u\000e\000s\000\040\000d\000u\000\040\000r\000\351\000s\000e\000a\000u}{section.1.5}% 18
\BOOKMARK [2][-]{subsection.1.5.2}{\376\377\000M\000o\000d\000e\000r\000n\000i\000s\000a\000t\000i\000o\000n\000\040\000e\000t\000\040\000p\000r\000o\000j\000e\000t\000s\000\040\000s\000t\000r\000u\000c\000t\000u\000r\000a\000n\000t\000s}{section.1.5}% 19
\BOOKMARK [1][-]{section.1.6}{\376\377\000A\000c\000t\000i\000v\000i\000t\000\351\000s\000\040\000e\000t\000\040\000s\000e\000r\000v\000i\000c\000e\000s}{chapter.1}% 20
\BOOKMARK [2][-]{subsection.1.6.1}{\376\377\000T\000r\000a\000n\000s\000p\000o\000r\000t\000\040\000d\000e\000\040\000v\000o\000y\000a\000g\000e\000u\000r\000s}{section.1.6}% 21
\BOOKMARK [2][-]{subsection.1.6.2}{\376\377\000T\000r\000a\000n\000s\000p\000o\000r\000t\000\040\000d\000e\000\040\000m\000a\000r\000c\000h\000a\000n\000d\000i\000s\000e\000s}{section.1.6}% 22
\BOOKMARK [1][-]{section.1.7}{\376\377\000S\000t\000r\000a\000t\000\351\000g\000i\000e\000\040\000e\000t\000\040\000v\000i\000s\000i\000o\000n\000\040\000d\000'\000a\000v\000e\000n\000i\000r}{chapter.1}% 23
\BOOKMARK [2][-]{subsection.1.7.1}{\376\377\000P\000l\000a\000n\000\040\000s\000t\000r\000a\000t\000\351\000g\000i\000q\000u\000e}{section.1.7}% 24
\BOOKMARK [2][-]{subsection.1.7.2}{\376\377\000E\000n\000j\000e\000u\000x\000\040\000e\000t\000\040\000d\000\351\000f\000i\000s}{section.1.7}% 25
\BOOKMARK [1][-]{section.1.8}{\376\377\000C\000o\000n\000c\000l\000u\000s\000i\000o\000n}{chapter.1}% 26
\BOOKMARK [0][-]{chapter*.6}{\376\377\000C\000o\000n\000c\000l\000u\000s\000i\000o\000n\000\040\000g\000\351\000n\000\351\000r\000a\000l\000e}{}% 27
\BOOKMARK [0][-]{chapter*.7}{\376\377\000R\000\351\000f\000\351\000r\000e\000n\000c\000e\000s\000\040\000b\000i\000b\000l\000i\000o\000g\000r\000a\000p\000h\000i\000q\000u\000e\000s}{}% 28
\BOOKMARK [0][-]{appendix.A}{\376\377\000A\000n\000n\000e\000x\000e\000s}{}% 29
\BOOKMARK [1][-]{section.A.1}{\376\377\000C\000o\000d\000e\000\040\000s\000o\000u\000r\000c\000e\000\040\000p\000r\000i\000n\000c\000i\000p\000a\000l}{appendix.A}% 30
\BOOKMARK [2][-]{subsection.A.1.1}{\376\377\000C\000o\000n\000f\000i\000g\000u\000r\000a\000t\000i\000o\000n\000\040\000S\000p\000r\000i\000n\000g\000\040\000S\000e\000c\000u\000r\000i\000t\000y}{section.A.1}% 31
\BOOKMARK [1][-]{section.A.2}{\376\377\000C\000a\000p\000t\000u\000r\000e\000s\000\040\000d\000'\000\351\000c\000r\000a\000n\000\040\000d\000e\000\040\000l\000'\000a\000p\000p\000l\000i\000c\000a\000t\000i\000o\000n}{appendix.A}% 32
\BOOKMARK [2][-]{subsection.A.2.1}{\376\377\000P\000a\000g\000e\000\040\000d\000e\000\040\000c\000o\000n\000n\000e\000x\000i\000o\000n}{section.A.2}% 33
\BOOKMARK [2][-]{subsection.A.2.2}{\376\377\000T\000a\000b\000l\000e\000a\000u\000\040\000d\000e\000\040\000b\000o\000r\000d\000\040\000i\000n\000g\000\351\000n\000i\000e\000u\000r}{section.A.2}% 34
\BOOKMARK [2][-]{subsection.A.2.3}{\376\377\000F\000o\000r\000m\000u\000l\000a\000i\000r\000e\000\040\000d\000'\000\351\000v\000a\000l\000u\000a\000t\000i\000o\000n\000\040\000t\000e\000c\000h\000n\000i\000c\000i\000e\000n}{section.A.2}% 35
\BOOKMARK [1][-]{section.A.3}{\376\377\000S\000c\000h\000\351\000m\000a\000s\000\040\000d\000e\000\040\000b\000a\000s\000e\000\040\000d\000e\000\040\000d\000o\000n\000n\000\351\000e\000s}{appendix.A}% 36
\BOOKMARK [2][-]{subsection.A.3.1}{\376\377\000M\000o\000d\000\350\000l\000e\000\040\000c\000o\000n\000c\000e\000p\000t\000u\000e\000l\000\040\000d\000e\000\040\000d\000o\000n\000n\000\351\000e\000s}{section.A.3}% 37
\BOOKMARK [2][-]{subsection.A.3.2}{\376\377\000M\000o\000d\000\350\000l\000e\000\040\000p\000h\000y\000s\000i\000q\000u\000e\000\040\000d\000e\000\040\000d\000o\000n\000n\000\351\000e\000s}{section.A.3}% 38
\BOOKMARK [1][-]{section.A.4}{\376\377\000G\000u\000i\000d\000e\000\040\000d\000'\000i\000n\000s\000t\000a\000l\000l\000a\000t\000i\000o\000n}{appendix.A}% 39
\BOOKMARK [2][-]{subsection.A.4.1}{\376\377\000P\000r\000\351\000r\000e\000q\000u\000i\000s}{section.A.4}% 40
\BOOKMARK [2][-]{subsection.A.4.2}{\376\377\000\311\000t\000a\000p\000e\000s\000\040\000d\000'\000i\000n\000s\000t\000a\000l\000l\000a\000t\000i\000o\000n}{section.A.4}% 41
\BOOKMARK [1][-]{section.A.5}{\376\377\000T\000e\000s\000t\000s\000\040\000e\000t\000\040\000v\000a\000l\000i\000d\000a\000t\000i\000o\000n}{appendix.A}% 42
\BOOKMARK [2][-]{subsection.A.5.1}{\376\377\000T\000e\000s\000t\000s\000\040\000u\000n\000i\000t\000a\000i\000r\000e\000s}{section.A.5}% 43
\BOOKMARK [2][-]{subsection.A.5.2}{\376\377\000T\000e\000s\000t\000s\000\040\000d\000'\000i\000n\000t\000\351\000g\000r\000a\000t\000i\000o\000n}{section.A.5}% 44
\BOOKMARK [2][-]{subsection.A.5.3}{\376\377\000T\000e\000s\000t\000s\000\040\000d\000e\000\040\000p\000e\000r\000f\000o\000r\000m\000a\000n\000c\000e}{section.A.5}% 45
